[LOGIN ERROR] 2026-03-21T21:47:41.297Z: 
Invalid `prisma.user.findUnique()` invocation:


The column `User.displayName` does not exist in the current database.
PrismaClientKnownRequestError: 
Invalid `prisma.user.findUnique()` invocation:


The column `User.displayName` does not exist in the current database.
    at Vn.handleRequestError (C:\Users\asare\Desktop\MindBridge-Mental-Health-Navigator-Project\server\src\generated\client\runtime\library.js:121:7339)
    at Vn.handleAndLogRequestError (C:\Users\asare\Desktop\MindBridge-Mental-Health-Navigator-Project\server\src\generated\client\runtime\library.js:121:6663)
    at Vn.request (C:\Users\asare\Desktop\MindBridge-Mental-Health-Navigator-Project\server\src\generated\client\runtime\library.js:121:6370)
    at async l (C:\Users\asare\Desktop\MindBridge-Mental-Health-Navigator-Project\server\src\generated\client\runtime\library.js:130:9617)
    at async login (C:\Users\asare\Desktop\MindBridge-Mental-Health-Navigator-Project\server\src\controllers\authController.ts:68:20)

[LOGIN ERROR] 2026-03-26T15:15:01.522Z: 
Invalid `prisma.user.findUnique()` invocation in
C:\Users\asare\Desktop\MindBridge-Mental-Health-Navigator-Project\server\src\controllers\authController.ts:75:38

  72 console.log(`[AUTH] Login attempt received for: ${email}`);
  73 
  74 try {
→ 75     let user = await prisma.user.findUnique(
Can't reach database server at `ep-cold-art-al16we8v.c-3.eu-central-1.aws.neon.tech:5432`

Please make sure your database server is running at `ep-cold-art-al16we8v.c-3.eu-central-1.aws.neon.tech:5432`.
PrismaClientInitializationError: 
Invalid `prisma.user.findUnique()` invocation in
C:\Users\asare\Desktop\MindBridge-Mental-Health-Navigator-Project\server\src\controllers\authController.ts:75:38

  72 console.log(`[AUTH] Login attempt received for: ${email}`);
  73 
  74 try {
→ 75     let user = await prisma.user.findUnique(
Can't reach database server at `ep-cold-art-al16we8v.c-3.eu-central-1.aws.neon.tech:5432`

Please make sure your database server is running at `ep-cold-art-al16we8v.c-3.eu-central-1.aws.neon.tech:5432`.
    at Vn.handleRequestError (C:\Users\asare\Desktop\MindBridge-Mental-Health-Navigator-Project\server\node_modules\@prisma\client\runtime\library.js:121:7640)
    at Vn.handleAndLogRequestError (C:\Users\asare\Desktop\MindBridge-Mental-Health-Navigator-Project\server\node_modules\@prisma\client\runtime\library.js:121:6663)
    at Vn.request (C:\Users\asare\Desktop\MindBridge-Mental-Health-Navigator-Project\server\node_modules\@prisma\client\runtime\library.js:121:6370)
    at async l (C:\Users\asare\Desktop\MindBridge-Mental-Health-Navigator-Project\server\node_modules\@prisma\client\runtime\library.js:130:9617)
    at async login (C:\Users\asare\Desktop\MindBridge-Mental-Health-Navigator-Project\server\src\controllers\authController.ts:75:20)

